01:21:23,807 [DEBUG] - Driver class org.h2.Driver found in Thread context class loader jdk.internal.loader.ClassLoaders$AppClassLoader@77556fd
01:21:23,880 [DEBUG] - HikariPool-1 - configuration:
01:21:23,883 [DEBUG] - allowPoolSuspension.............false
01:21:23,884 [DEBUG] - autoCommit......................true
01:21:23,884 [DEBUG] - catalog.........................none
01:21:23,884 [DEBUG] - connectionInitSql...............none
01:21:23,884 [DEBUG] - connectionTestQuery.............none
01:21:23,884 [DEBUG] - connectionTimeout...............30000
01:21:23,885 [DEBUG] - dataSource......................none
01:21:23,885 [DEBUG] - dataSourceClassName.............none
01:21:23,885 [DEBUG] - dataSourceJNDI..................none
01:21:23,886 [DEBUG] - dataSourceProperties............{password=<masked>}
01:21:23,886 [DEBUG] - driverClassName................."org.h2.Driver"
01:21:23,886 [DEBUG] - exceptionOverrideClassName......none
01:21:23,886 [DEBUG] - healthCheckProperties...........{}
01:21:23,887 [DEBUG] - healthCheckRegistry.............none
01:21:23,887 [DEBUG] - idleTimeout.....................600000
01:21:23,887 [DEBUG] - initializationFailTimeout.......1
01:21:23,887 [DEBUG] - isolateInternalQueries..........false
01:21:23,887 [DEBUG] - jdbcUrl.........................jdbc:h2:mem:bbd99f03-4674-4063-96f9-47618d517420
01:21:23,887 [DEBUG] - leakDetectionThreshold..........0
01:21:23,888 [DEBUG] - maxLifetime.....................1800000
01:21:23,888 [DEBUG] - maximumPoolSize.................10
01:21:23,888 [DEBUG] - metricRegistry..................none
01:21:23,888 [DEBUG] - metricsTrackerFactory...........none
01:21:23,888 [DEBUG] - minimumIdle.....................10
01:21:23,888 [DEBUG] - password........................<masked>
01:21:23,888 [DEBUG] - poolName........................"HikariPool-1"
01:21:23,889 [DEBUG] - readOnly........................false
01:21:23,889 [DEBUG] - registerMbeans..................false
01:21:23,889 [DEBUG] - scheduledExecutor...............none
01:21:23,889 [DEBUG] - schema..........................none
01:21:23,889 [DEBUG] - threadFactory...................internal
01:21:23,889 [DEBUG] - transactionIsolation............default
01:21:23,890 [DEBUG] - username........................none
01:21:23,890 [DEBUG] - validationTimeout...............5000
01:21:23,892 [ INFO] - HikariPool-1 - Starting...
01:21:24,247 [DEBUG] - HikariPool-1 - Added connection conn0: url=jdbc:h2:mem:bbd99f03-4674-4063-96f9-47618d517420 user=
01:21:24,249 [ INFO] - HikariPool-1 - Start completed.
01:21:24,359 [DEBUG] - HikariPool-1 - Pool stats (total=1, active=1, idle=0, waiting=0)
01:21:24,364 [DEBUG] - HikariPool-1 - Reset (autoCommit) on connection conn0: url=jdbc:h2:mem:bbd99f03-4674-4063-96f9-47618d517420 user=
01:21:24,369 [DEBUG] - HikariPool-1 - Added connection conn1: url=jdbc:h2:mem:bbd99f03-4674-4063-96f9-47618d517420 user=
01:21:24,370 [DEBUG] - HikariPool-1 - Added connection conn2: url=jdbc:h2:mem:bbd99f03-4674-4063-96f9-47618d517420 user=
01:21:24,371 [DEBUG] - HikariPool-1 - Added connection conn3: url=jdbc:h2:mem:bbd99f03-4674-4063-96f9-47618d517420 user=
01:21:24,371 [DEBUG] - HikariPool-1 - Added connection conn4: url=jdbc:h2:mem:bbd99f03-4674-4063-96f9-47618d517420 user=
01:21:24,371 [DEBUG] - HikariPool-1 - Added connection conn5: url=jdbc:h2:mem:bbd99f03-4674-4063-96f9-47618d517420 user=
01:21:24,372 [DEBUG] - HikariPool-1 - Added connection conn6: url=jdbc:h2:mem:bbd99f03-4674-4063-96f9-47618d517420 user=
01:21:24,372 [DEBUG] - HikariPool-1 - Added connection conn7: url=jdbc:h2:mem:bbd99f03-4674-4063-96f9-47618d517420 user=
01:21:24,372 [DEBUG] - HikariPool-1 - Added connection conn8: url=jdbc:h2:mem:bbd99f03-4674-4063-96f9-47618d517420 user=
01:21:24,373 [DEBUG] - HikariPool-1 - Added connection conn9: url=jdbc:h2:mem:bbd99f03-4674-4063-96f9-47618d517420 user=
01:21:24,373 [DEBUG] - HikariPool-1 - After adding stats (total=10, active=1, idle=9, waiting=0)
01:21:24,387 [DEBUG] - HikariPool-1 - Reset (autoCommit) on connection conn0: url=jdbc:h2:mem:bbd99f03-4674-4063-96f9-47618d517420 user=
01:21:24,388 [DEBUG] - HikariPool-1 - Reset (autoCommit) on connection conn0: url=jdbc:h2:mem:bbd99f03-4674-4063-96f9-47618d517420 user=
